<?xml version="1.0" encoding="UTF-8"?>
<!-- Generated by org.testng.reporters.JUnitReportReporter -->
<testsuite hostname="WDHL129160bfb.corp.intuit.net" name="com.tle.di.util.CommonUtilTest" tests="3" failures="0" timestamp="9 Oct 2015 00:53:37 GMT" time="0.260" errors="0">
  <testcase name="DfsListFilesTest" time="0.019" classname="com.tle.di.util.CommonUtilTest"/>
  <testcase name="RecursiveListFilesTest" time="0.017" classname="com.tle.di.util.CommonUtilTest"/>
  <testcase name="BfsListFilesTest" time="0.224" classname="com.tle.di.util.CommonUtilTest"/>
</testsuite> <!-- com.tle.di.util.CommonUtilTest -->
